<?xml version="1.0" encoding="UTF-8"?>
<!-- Generated by org.testng.reporters.JUnitReportReporter -->
<testsuite hostname="DESKTOP-I60UEG5" failures="0" tests="1" name="testCases.LoginTest" time="1.897" errors="0" timestamp="2024-12-17T15:34:58 IST" skipped="0">
  <testcase classname="testCases.LoginTest" name="loginApp" time="1.897"/>
  <system-out>
    <![CDATA[Setting up reports , test is getting ready....
Setting done , test can be started....
Trying to start browser  getting application ready....
Browser & Application is up & running....
Test is about to end....
Test completed & reports generated....]]>
  </system-out>
</testsuite> <!-- testCases.LoginTest -->
